<?xml version="1.0" encoding="UTF-8"?>
<!-- Generated by org.testng.reporters.JUnitReportReporter -->
<testsuite hostname="Mubin" failures="0" tests="1" name="testNGpack2.NoAnnotation" time="0.006" errors="0" timestamp="2023-01-20T17:10:07 IST" skipped="0">
  <testcase classname="testNGpack2.NoAnnotation" name="test" time="0.006"/>
  <system-out>
    <![CDATA[Test Method]]>
  </system-out>
</testsuite> <!-- testNGpack2.NoAnnotation -->
