<?xml version="1.0" encoding="UTF-8"?>
<!-- Generated by org.testng.reporters.JUnitReportReporter -->
<testsuite hostname="Mubin" failures="0" tests="1" name="testNGpack.Remo" time="0.002" errors="0" timestamp="2023-01-19T15:27:37 IST" skipped="0">
  <testcase classname="testNGpack.Remo" name="remo2" time="0.002"/>
  <system-out>
    <![CDATA[this is demo2 method!!]]>
  </system-out>
</testsuite> <!-- testNGpack.Remo -->
