<?xml version="1.0" encoding="UTF-8"?>
<!-- Generated by org.testng.reporters.JUnitReportReporter -->
<testsuite hostname="Mubin" failures="0" tests="1" name="testNGpack.TestValidLogin" time="8.675" errors="0" timestamp="2023-01-25T22:25:48 IST" skipped="0">
  <testcase classname="testNGpack.TestValidLogin" name="ValidLogin" time="8.675"/>
  <system-out/>
</testsuite> <!-- testNGpack.TestValidLogin -->
