<?xml version="1.0" encoding="UTF-8"?>
<!-- Generated by org.testng.reporters.JUnitReportReporter -->
<testsuite hostname="Mubin" failures="0" tests="1" name="testNGpack.Sumo" time="0.016" errors="0" timestamp="2023-01-19T15:27:37 IST" skipped="0">
  <testcase classname="testNGpack.Sumo" name="sumo2" time="0.016"/>
  <system-out>
    <![CDATA[this is demo2 method!!]]>
  </system-out>
</testsuite> <!-- testNGpack.Sumo -->
