<?xml version="1.0" encoding="UTF-8"?>
<!-- Generated by org.testng.reporters.JUnitReportReporter -->
<testsuite hostname="Mubin" failures="0" tests="7" name="testNGpack2.PrioritClass" time="0.029" errors="0" timestamp="2023-01-22T21:51:22 IST" skipped="0">
  <testcase classname="testNGpack2.PrioritClass" name="i" time="0.014"/>
  <system-out>
    <![CDATA[i]]>
  </system-out>
  <testcase classname="testNGpack2.PrioritClass" name="b" time="0.002"/>
  <system-out>
    <![CDATA[b]]>
  </system-out>
  <testcase classname="testNGpack2.PrioritClass" name="k" time="0.002"/>
  <system-out>
    <![CDATA[k]]>
  </system-out>
  <testcase classname="testNGpack2.PrioritClass" name="a" time="0.003"/>
  <system-out>
    <![CDATA[a]]>
  </system-out>
  <testcase classname="testNGpack2.PrioritClass" name="h" time="0.003"/>
  <system-out>
    <![CDATA[h]]>
  </system-out>
  <testcase classname="testNGpack2.PrioritClass" name="z" time="0.003"/>
  <system-out>
    <![CDATA[z]]>
  </system-out>
  <testcase classname="testNGpack2.PrioritClass" name="m" time="0.002"/>
  <system-out>
    <![CDATA[m]]>
  </system-out>
</testsuite> <!-- testNGpack2.PrioritClass -->
